c:\users\alharbrq\documents\vk_raytracing_tutorial_khr\shared_sources\shared_sources.dir\debug\cmake_pch.pch
c:\users\alharbrq\documents\vk_raytracing_tutorial_khr\shared_sources\shared_sources.dir\debug\shared_sources.pdb
c:\users\alharbrq\documents\vk_raytracing_tutorial_khr\shared_sources\shared_sources.dir\debug\cmake_pch.obj
c:\users\alharbrq\documents\vk_raytracing_tutorial_khr\shared_sources\shared_sources.dir\debug\images_vk.obj
c:\users\alharbrq\documents\vk_raytracing_tutorial_khr\shared_sources\shared_sources.dir\debug\samplers_vk.obj
c:\users\alharbrq\documents\vk_raytracing_tutorial_khr\shared_sources\shared_sources.dir\debug\profiler_gl.obj
c:\users\alharbrq\documents\vk_raytracing_tutorial_khr\shared_sources\shared_sources.dir\debug\gizmos_vk.obj
c:\users\alharbrq\documents\vk_raytracing_tutorial_khr\shared_sources\shared_sources.dir\debug\error_vk.obj
c:\users\alharbrq\documents\vk_raytracing_tutorial_khr\shared_sources\shared_sources.dir\debug\renderpasses_vk.obj
c:\users\alharbrq\documents\vk_raytracing_tutorial_khr\shared_sources\shared_sources.dir\debug\appwindowprofiler_gl.obj
c:\users\alharbrq\documents\vk_raytracing_tutorial_khr\shared_sources\shared_sources.dir\debug\cgltf.obj
c:\users\alharbrq\documents\vk_raytracing_tutorial_khr\shared_sources\shared_sources.dir\debug\shadermodulemanager_vk.obj
c:\users\alharbrq\documents\vk_raytracing_tutorial_khr\shared_sources\shared_sources.dir\debug\imgui_orient.obj
c:\users\alharbrq\documents\vk_raytracing_tutorial_khr\shared_sources\shared_sources.dir\debug\cadscenefile.obj
c:\users\alharbrq\documents\vk_raytracing_tutorial_khr\shared_sources\shared_sources.dir\debug\imgui_helper.obj
c:\users\alharbrq\documents\vk_raytracing_tutorial_khr\shared_sources\shared_sources.dir\debug\profiler.obj
c:\users\alharbrq\documents\vk_raytracing_tutorial_khr\shared_sources\shared_sources.dir\debug\programmanager_gl.obj
c:\users\alharbrq\documents\vk_raytracing_tutorial_khr\shared_sources\shared_sources.dir\debug\extensions_vk.obj
c:\users\alharbrq\documents\vk_raytracing_tutorial_khr\shared_sources\shared_sources.dir\debug\imgui_widgets.obj
c:\users\alharbrq\documents\vk_raytracing_tutorial_khr\shared_sources\shared_sources.dir\debug\appwindowprofiler.obj
c:\users\alharbrq\documents\vk_raytracing_tutorial_khr\shared_sources\shared_sources.dir\debug\nvpsystem.obj
c:\users\alharbrq\documents\vk_raytracing_tutorial_khr\shared_sources\shared_sources.dir\debug\context_vk.obj
c:\users\alharbrq\documents\vk_raytracing_tutorial_khr\shared_sources\shared_sources.dir\debug\gltfscene.obj
c:\users\alharbrq\documents\vk_raytracing_tutorial_khr\shared_sources\shared_sources.dir\debug\filemapping.obj
c:\users\alharbrq\documents\vk_raytracing_tutorial_khr\shared_sources\shared_sources.dir\debug\contextwindow_gl.obj
c:\users\alharbrq\documents\vk_raytracing_tutorial_khr\shared_sources\shared_sources.dir\debug\allocator_dma_vkgl.obj
c:\users\alharbrq\documents\vk_raytracing_tutorial_khr\shared_sources\shared_sources.dir\debug\commands_vk.obj
c:\users\alharbrq\documents\vk_raytracing_tutorial_khr\shared_sources\shared_sources.dir\debug\swapchain_vk.obj
c:\users\alharbrq\documents\vk_raytracing_tutorial_khr\shared_sources\shared_sources.dir\debug\imgui_impl_vk.obj
c:\users\alharbrq\documents\vk_raytracing_tutorial_khr\shared_sources\shared_sources.dir\debug\memorymanagement_vk.obj
c:\users\alharbrq\documents\vk_raytracing_tutorial_khr\shared_sources\shared_sources.dir\debug\memorymanagement_vkgl.obj
c:\users\alharbrq\documents\vk_raytracing_tutorial_khr\shared_sources\shared_sources.dir\debug\nvpwindow.obj
c:\users\alharbrq\documents\vk_raytracing_tutorial_khr\shared_sources\shared_sources.dir\debug\noise1234.obj
c:\users\alharbrq\documents\vk_raytracing_tutorial_khr\shared_sources\shared_sources.dir\debug\profiler_vk.obj
c:\users\alharbrq\documents\vk_raytracing_tutorial_khr\shared_sources\shared_sources.dir\debug\imgui_impl_glfw.obj
c:\users\alharbrq\documents\vk_raytracing_tutorial_khr\shared_sources\shared_sources.dir\debug\nv_dds.obj
c:\users\alharbrq\documents\vk_raytracing_tutorial_khr\shared_sources\shared_sources.dir\debug\shaderfilemanager.obj
c:\users\alharbrq\documents\vk_raytracing_tutorial_khr\shared_sources\shared_sources.dir\debug\imgui_draw.obj
c:\users\alharbrq\documents\vk_raytracing_tutorial_khr\shared_sources\shared_sources.dir\debug\bitarray.obj
c:\users\alharbrq\documents\vk_raytracing_tutorial_khr\shared_sources\shared_sources.dir\debug\pipeline_vk.obj
c:\users\alharbrq\documents\vk_raytracing_tutorial_khr\shared_sources\shared_sources.dir\debug\cameramanipulator.obj
c:\users\alharbrq\documents\vk_raytracing_tutorial_khr\shared_sources\shared_sources.dir\debug\appwindowprofiler_vk.obj
c:\users\alharbrq\documents\vk_raytracing_tutorial_khr\shared_sources\shared_sources.dir\debug\descriptorsets_vk.obj
c:\users\alharbrq\documents\vk_raytracing_tutorial_khr\shared_sources\shared_sources.dir\debug\error_gl.obj
c:\users\alharbrq\documents\vk_raytracing_tutorial_khr\shared_sources\shared_sources.dir\debug\nvpsystem_win32.obj
c:\users\alharbrq\documents\vk_raytracing_tutorial_khr\shared_sources\shared_sources.dir\debug\debug_util_vk.obj
c:\users\alharbrq\documents\vk_raytracing_tutorial_khr\shared_sources\shared_sources.dir\debug\extensions_gl.obj
c:\users\alharbrq\documents\vk_raytracing_tutorial_khr\shared_sources\shared_sources.dir\debug\parametertools.obj
c:\users\alharbrq\documents\vk_raytracing_tutorial_khr\shared_sources\shared_sources.dir\debug\imgui.obj
c:\users\alharbrq\documents\vk_raytracing_tutorial_khr\shared_sources\shared_sources.dir\debug\nvprint.obj
c:\users\alharbrq\documents\vk_raytracing_tutorial_khr\shared_sources\shared_sources.dir\debug\imgui_impl_gl.obj
c:\users\alharbrq\documents\vk_raytracing_tutorial_khr\shared_sources\cmakefiles\generate.stamp
c:\users\alharbrq\documents\bin_x64\debug\shared_sources_gl_vk.lib
c:\users\alharbrq\documents\vk_raytracing_tutorial_khr\shared_sources\shared_sources.dir\debug\shared_sources.tlog\cl.command.1.tlog
c:\users\alharbrq\documents\vk_raytracing_tutorial_khr\shared_sources\shared_sources.dir\debug\shared_sources.tlog\cl.read.1.tlog
c:\users\alharbrq\documents\vk_raytracing_tutorial_khr\shared_sources\shared_sources.dir\debug\shared_sources.tlog\cl.write.1.tlog
c:\users\alharbrq\documents\vk_raytracing_tutorial_khr\shared_sources\shared_sources.dir\debug\shared_sources.tlog\custombuild.command.1.tlog
c:\users\alharbrq\documents\vk_raytracing_tutorial_khr\shared_sources\shared_sources.dir\debug\shared_sources.tlog\custombuild.read.1.tlog
c:\users\alharbrq\documents\vk_raytracing_tutorial_khr\shared_sources\shared_sources.dir\debug\shared_sources.tlog\custombuild.write.1.tlog
c:\users\alharbrq\documents\vk_raytracing_tutorial_khr\shared_sources\shared_sources.dir\debug\shared_sources.tlog\lib-link.read.1.tlog
c:\users\alharbrq\documents\vk_raytracing_tutorial_khr\shared_sources\shared_sources.dir\debug\shared_sources.tlog\lib-link.write.1.tlog
c:\users\alharbrq\documents\vk_raytracing_tutorial_khr\shared_sources\shared_sources.dir\debug\shared_sources.tlog\lib.command.1.tlog
