c:\users\alharbrq\documents\vk_raytracing_tutorial_khr\ray_tracing\vk_ray_tracing.dir\debug\imgui_helper.obj
c:\users\alharbrq\documents\vk_raytracing_tutorial_khr\ray_tracing\vk_ray_tracing.dir\debug\hello_vulkan.obj
c:\users\alharbrq\documents\vk_raytracing_tutorial_khr\ray_tracing\vk_ray_tracing.dir\debug\imgui_impl_glfw.obj
c:\users\alharbrq\documents\vk_raytracing_tutorial_khr\ray_tracing\vk_ray_tracing.dir\debug\imgui_orient.obj
c:\users\alharbrq\documents\vk_raytracing_tutorial_khr\ray_tracing\vk_ray_tracing.dir\debug\imgui_impl_vk.obj
c:\users\alharbrq\documents\vk_raytracing_tutorial_khr\ray_tracing\vk_ray_tracing.dir\debug\main.obj
c:\users\alharbrq\documents\vk_raytracing_tutorial_khr\ray_tracing\vk_ray_tracing.dir\debug\imgui_draw.obj
c:\users\alharbrq\documents\vk_raytracing_tutorial_khr\ray_tracing\vk_ray_tracing.dir\debug\imgui_widgets.obj
c:\users\alharbrq\documents\vk_raytracing_tutorial_khr\ray_tracing\vk_ray_tracing.dir\debug\obj_loader.obj
c:\users\alharbrq\documents\vk_raytracing_tutorial_khr\ray_tracing\vk_ray_tracing.dir\debug\imgui.obj
c:\users\alharbrq\documents\vk_raytracing_tutorial_khr\ray_tracing\vk_ray_tracing.dir\debug\imgui_impl_gl.obj
c:\users\alharbrq\documents\vk_raytracing_tutorial_khr\ray_tracing\vk_ray_tracing.dir\debug\vc141.pdb
c:\users\alharbrq\documents\vk_raytracing_tutorial_khr\ray_tracing\shaders\frag_shader.frag.spv
c:\users\alharbrq\documents\vk_raytracing_tutorial_khr\ray_tracing\shaders\passthrough.vert.spv
c:\users\alharbrq\documents\vk_raytracing_tutorial_khr\ray_tracing\shaders\post.frag.spv
c:\users\alharbrq\documents\vk_raytracing_tutorial_khr\ray_tracing\shaders\vert_shader.vert.spv
c:\users\alharbrq\documents\vk_raytracing_tutorial_khr\ray_tracing\cmakefiles\generate.stamp
c:\users\alharbrq\documents\bin_x64\debug\vk_ray_tracing.exe
c:\users\alharbrq\documents\bin_x64\debug\vk_ray_tracing.ilk
c:\users\alharbrq\documents\bin_x64\debug\vk_ray_tracing.pdb
c:\users\alharbrq\documents\vk_raytracing_tutorial_khr\ray_tracing\vk_ray_tracing.dir\debug\resources.res
c:\users\alharbrq\documents\vk_raytracing_tutorial_khr\ray_tracing\vk_ray_tracing.dir\debug\vk_ray_tracing.tlog\cl.command.1.tlog
c:\users\alharbrq\documents\vk_raytracing_tutorial_khr\ray_tracing\vk_ray_tracing.dir\debug\vk_ray_tracing.tlog\cl.read.1.tlog
c:\users\alharbrq\documents\vk_raytracing_tutorial_khr\ray_tracing\vk_ray_tracing.dir\debug\vk_ray_tracing.tlog\cl.write.1.tlog
c:\users\alharbrq\documents\vk_raytracing_tutorial_khr\ray_tracing\vk_ray_tracing.dir\debug\vk_ray_tracing.tlog\custombuild.command.1.tlog
c:\users\alharbrq\documents\vk_raytracing_tutorial_khr\ray_tracing\vk_ray_tracing.dir\debug\vk_ray_tracing.tlog\custombuild.read.1.tlog
c:\users\alharbrq\documents\vk_raytracing_tutorial_khr\ray_tracing\vk_ray_tracing.dir\debug\vk_ray_tracing.tlog\custombuild.write.1.tlog
c:\users\alharbrq\documents\vk_raytracing_tutorial_khr\ray_tracing\vk_ray_tracing.dir\debug\vk_ray_tracing.tlog\link.command.1.tlog
c:\users\alharbrq\documents\vk_raytracing_tutorial_khr\ray_tracing\vk_ray_tracing.dir\debug\vk_ray_tracing.tlog\link.read.1.tlog
c:\users\alharbrq\documents\vk_raytracing_tutorial_khr\ray_tracing\vk_ray_tracing.dir\debug\vk_ray_tracing.tlog\link.write.1.tlog
c:\users\alharbrq\documents\vk_raytracing_tutorial_khr\ray_tracing\vk_ray_tracing.dir\debug\vk_ray_tracing.tlog\rc.command.1.tlog
c:\users\alharbrq\documents\vk_raytracing_tutorial_khr\ray_tracing\vk_ray_tracing.dir\debug\vk_ray_tracing.tlog\rc.read.1.tlog
c:\users\alharbrq\documents\vk_raytracing_tutorial_khr\ray_tracing\vk_ray_tracing.dir\debug\vk_ray_tracing.tlog\rc.write.1.tlog
